<?xml version="1.0" encoding="UTF-8"?>
<testng-results ignored="0" total="2" passed="2" failed="0" skipped="0">
  <reporter-output>
  </reporter-output>
  <suite started-at="2024-12-08T09:19:38 IST" name="Default suite" finished-at="2024-12-08T09:19:40 IST" duration-ms="2478">
    <groups>
    </groups>
    <test started-at="2024-12-08T09:19:38 IST" name="Default test" finished-at="2024-12-08T09:19:40 IST" duration-ms="2478">
      <class name="tests.GetAndPostExamples">
        <test-method signature="testGet()[pri:0, instance:tests.GetAndPostExamples@7ec7ffd3]" started-at="2024-12-08T09:19:38 IST" name="testGet" finished-at="2024-12-08T09:19:40 IST" duration-ms="2036" status="PASS">
          <reporter-output>
          </reporter-output>
        </test-method> <!-- testGet -->
        <test-method signature="testPost()[pri:0, instance:tests.GetAndPostExamples@7ec7ffd3]" started-at="2024-12-08T09:19:40 IST" name="testPost" finished-at="2024-12-08T09:19:40 IST" duration-ms="402" status="PASS">
          <reporter-output>
          </reporter-output>
        </test-method> <!-- testPost -->
      </class> <!-- tests.GetAndPostExamples -->
    </test> <!-- Default test -->
  </suite> <!-- Default suite -->
</testng-results>
