<?xml version="1.0" encoding="UTF-8"?>
<testng-results ignored="0" total="1" passed="1" failed="0" skipped="0">
  <reporter-output>
  </reporter-output>
  <suite started-at="2024-12-06T18:20:10 IST" name="Default suite" finished-at="2024-12-06T18:20:12 IST" duration-ms="2084">
    <groups>
    </groups>
    <test started-at="2024-12-06T18:20:10 IST" name="Default test" finished-at="2024-12-06T18:20:12 IST" duration-ms="2084">
      <class name="tests.TestExamples2">
        <test-method signature="test_2()[pri:0, instance:tests.TestExamples2@5876a9af]" started-at="2024-12-06T18:20:10 IST" name="test_2" finished-at="2024-12-06T18:20:12 IST" duration-ms="2048" status="PASS">
          <reporter-output>
          </reporter-output>
        </test-method> <!-- test_2 -->
      </class> <!-- tests.TestExamples2 -->
    </test> <!-- Default test -->
  </suite> <!-- Default suite -->
</testng-results>
